<?xml version="1.0" encoding="UTF-8"?>
<testng-results ignored="0" total="2" passed="1" failed="1" skipped="0">
  <reporter-output>
  </reporter-output>
  <suite started-at="2022-06-17T18:46:31 IST" name="Default suite" finished-at="2022-06-17T18:47:05 IST" duration-ms="34119">
    <groups>
    </groups>
    <test started-at="2022-06-17T18:46:31 IST" name="Default test" finished-at="2022-06-17T18:47:05 IST" duration-ms="34119">
      <class name="Sampmavan.LoginpageobjectTest">
        <test-method is-config="true" signature="installisation()[pri:0, instance:Sampmavan.LoginpageobjectTest@d5ae57e]" started-at="2022-06-17T18:46:31 IST" name="installisation" finished-at="2022-06-17T18:47:02 IST" duration-ms="30322" status="PASS">
          <reporter-output>
          </reporter-output>
        </test-method> <!-- installisation -->
        <test-method signature="SuccussfullLogin()[pri:0, instance:Sampmavan.LoginpageobjectTest@d5ae57e]" started-at="2022-06-17T18:47:02 IST" name="SuccussfullLogin" finished-at="2022-06-17T18:47:04 IST" duration-ms="1794" status="FAIL">
          <exception class="java.lang.AssertionError">
            <message>
              <![CDATA[expected [Login incorrect. Please try ] but found [Login incorrect. Please try again]]]>
            </message>
            <full-stacktrace>
              <![CDATA[java.lang.AssertionError: expected [Login incorrect. Please try ] but found [Login incorrect. Please try again]
at org.testng.Assert.fail(Assert.java:110)
at org.testng.Assert.failNotEquals(Assert.java:1413)
at org.testng.Assert.assertEqualsImpl(Assert.java:149)
at org.testng.Assert.assertEquals(Assert.java:131)
at org.testng.Assert.assertEquals(Assert.java:655)
at org.testng.Assert.assertEquals(Assert.java:665)
at Sampmavan.LoginpageobjectTest.SuccussfullLogin(LoginpageobjectTest.java:59)
at java.base/jdk.internal.reflect.NativeMethodAccessorImpl.invoke0(Native Method)
at java.base/jdk.internal.reflect.NativeMethodAccessorImpl.invoke(NativeMethodAccessorImpl.java:77)
at java.base/jdk.internal.reflect.DelegatingMethodAccessorImpl.invoke(DelegatingMethodAccessorImpl.java:43)
at java.base/java.lang.reflect.Method.invoke(Method.java:568)
at org.testng.internal.invokers.MethodInvocationHelper.invokeMethod(MethodInvocationHelper.java:135)
at org.testng.internal.invokers.TestInvoker.invokeMethod(TestInvoker.java:673)
at org.testng.internal.invokers.TestInvoker.invokeTestMethod(TestInvoker.java:220)
at org.testng.internal.invokers.MethodRunner.runInSequence(MethodRunner.java:50)
at org.testng.internal.invokers.TestInvoker$MethodInvocationAgent.invoke(TestInvoker.java:945)
at org.testng.internal.invokers.TestInvoker.invokeTestMethods(TestInvoker.java:193)
at org.testng.internal.invokers.TestMethodWorker.invokeTestMethods(TestMethodWorker.java:146)
at org.testng.internal.invokers.TestMethodWorker.run(TestMethodWorker.java:128)
at java.base/java.util.ArrayList.forEach(ArrayList.java:1511)
at org.testng.TestRunner.privateRun(TestRunner.java:808)
at org.testng.TestRunner.run(TestRunner.java:603)
at org.testng.SuiteRunner.runTest(SuiteRunner.java:429)
at org.testng.SuiteRunner.runSequentially(SuiteRunner.java:423)
at org.testng.SuiteRunner.privateRun(SuiteRunner.java:383)
at org.testng.SuiteRunner.run(SuiteRunner.java:326)
at org.testng.SuiteRunnerWorker.runSuite(SuiteRunnerWorker.java:52)
at org.testng.SuiteRunnerWorker.run(SuiteRunnerWorker.java:95)
at org.testng.TestNG.runSuitesSequentially(TestNG.java:1249)
at org.testng.TestNG.runSuitesLocally(TestNG.java:1169)
at org.testng.TestNG.runSuites(TestNG.java:1092)
at org.testng.TestNG.run(TestNG.java:1060)
at org.testng.remote.AbstractRemoteTestNG.run(AbstractRemoteTestNG.java:115)
at org.testng.remote.RemoteTestNG.initAndRun(RemoteTestNG.java:251)
at org.testng.remote.RemoteTestNG.main(RemoteTestNG.java:77)
]]>
            </full-stacktrace>
          </exception> <!-- java.lang.AssertionError -->
          <reporter-output>
          </reporter-output>
        </test-method> <!-- SuccussfullLogin -->
        <test-method signature="forgetpassword()[pri:0, instance:Sampmavan.LoginpageobjectTest@d5ae57e]" started-at="2022-06-17T18:47:04 IST" name="forgetpassword" finished-at="2022-06-17T18:47:05 IST" duration-ms="1277" status="PASS">
          <reporter-output>
          </reporter-output>
        </test-method> <!-- forgetpassword -->
        <test-method is-config="true" signature="installisationback()[pri:0, instance:Sampmavan.LoginpageobjectTest@d5ae57e]" started-at="2022-06-17T18:47:05 IST" name="installisationback" finished-at="2022-06-17T18:47:05 IST" duration-ms="419" status="PASS">
          <reporter-output>
          </reporter-output>
        </test-method> <!-- installisationback -->
      </class> <!-- Sampmavan.LoginpageobjectTest -->
    </test> <!-- Default test -->
  </suite> <!-- Default suite -->
</testng-results>
